<?xml version="1.0" encoding="utf-8" ?>
<!DOCTYPE html PUBLIC "-//W3C//DTD XHTML 1.0 Strict//EN"
        "http://www.w3.org/TR/xhtml1/DTD/xhtml1-strict.dtd">
<html xmlns="http://www.w3.org/1999/xhtml" xml:lang="" lang="">
<head>
  <title>Test Results Report - Test</title>
  <meta http-equiv="Content-Type" content="text/html;charset=utf-8" />
  <meta name="description" content="TestNG unit test results." />
  <link href="reportng.css" rel="stylesheet" type="text/css" />
    <script type="text/javascript" src="reportng.js"></script>
</head>
<body>
<h1>Test</h1>
<p>
  Test duration: 24.722s
</p>



  <table class="resultsTable">
    <tr><th colspan="3" class="header failed">Failed Tests</th></tr>
          <tr>
        <td colspan="3" class="group">testcases.LoginTest</td>
      </tr>
            
<tr>
  <td class="method">
                  gpsHighLevel
      </td>
  <td class="duration">
    2.011s
  </td>
  <td class="result">
        
          <i>Method arguments: </i><span class="arguments">{test=[Runmode, Username, Password, Data_Flag]}</span><br />
    
            <div class="testOutput">
                        <a href="file:///E:\Official\JavaWorkspace\TasteSelenium/hello.png"><img src="file:///E:\Official\JavaWorkspace\TasteSelenium/hello.png" alt=""height='100' width='100'/> <br />
                  </div>
    

        <a href="javascript:toggleElement('exception-0', 'block')" title="Click to expand/collapse"><b>java.lang.AssertionError: expected [true] but found [false]</b></a><br />
    <div class="stackTrace" id="exception-0">
              org.testng.Assert.fail(Assert.java:94)<br />
              org.testng.Assert.failNotEquals(Assert.java:494)<br />
              org.testng.Assert.assertTrue(Assert.java:42)<br />
              org.testng.Assert.assertTrue(Assert.java:52)<br />
              testcases.LoginTest.gpsHighLevel(LoginTest.java:32)<br />
              sun.reflect.NativeMethodAccessorImpl.invoke0(Native Method)<br />
              sun.reflect.NativeMethodAccessorImpl.invoke(Unknown Source)<br />
              sun.reflect.DelegatingMethodAccessorImpl.invoke(Unknown Source)<br />
              java.lang.reflect.Method.invoke(Unknown Source)<br />
              org.testng.internal.MethodInvocationHelper.invokeMethod(MethodInvocationHelper.java:84)<br />
              org.testng.internal.Invoker.invokeMethod(Invoker.java:714)<br />
              org.testng.internal.Invoker.invokeTestMethod(Invoker.java:901)<br />
              org.testng.internal.Invoker.invokeTestMethods(Invoker.java:1231)<br />
              org.testng.internal.TestMethodWorker.invokeTestMethods(TestMethodWorker.java:127)<br />
              org.testng.internal.TestMethodWorker.run(TestMethodWorker.java:111)<br />
              org.testng.TestRunner.privateRun(TestRunner.java:767)<br />
              org.testng.TestRunner.run(TestRunner.java:617)<br />
              org.testng.SuiteRunner.runTest(SuiteRunner.java:348)<br />
              org.testng.SuiteRunner.runSequentially(SuiteRunner.java:343)<br />
              org.testng.SuiteRunner.privateRun(SuiteRunner.java:305)<br />
              org.testng.SuiteRunner.run(SuiteRunner.java:254)<br />
              org.testng.SuiteRunnerWorker.runSuite(SuiteRunnerWorker.java:52)<br />
              org.testng.SuiteRunnerWorker.run(SuiteRunnerWorker.java:86)<br />
              org.testng.TestNG.runSuitesSequentially(TestNG.java:1224)<br />
              org.testng.TestNG.runSuitesLocally(TestNG.java:1149)<br />
              org.testng.TestNG.run(TestNG.java:1057)<br />
              org.apache.maven.surefire.testng.TestNGExecutor.run(TestNGExecutor.java:295)<br />
              org.apache.maven.surefire.testng.TestNGXmlTestSuite.execute(TestNGXmlTestSuite.java:84)<br />
              org.apache.maven.surefire.testng.TestNGProvider.invoke(TestNGProvider.java:90)<br />
              org.apache.maven.surefire.booter.ForkedBooter.invokeProviderInSameClassLoader(ForkedBooter.java:203)<br />
              org.apache.maven.surefire.booter.ForkedBooter.runSuitesInProcess(ForkedBooter.java:155)<br />
              org.apache.maven.surefire.booter.ForkedBooter.main(ForkedBooter.java:103)<br />
                </div>
      </td>
</tr>
<tr>
  <td class="method">
                  gpsHighLevel
      </td>
  <td class="duration">
    2.000s
  </td>
  <td class="result">
        
          <i>Method arguments: </i><span class="arguments">{test=[Y, syed@hotmail.com, user123, Y]}</span><br />
    
            <div class="testOutput">
                        <a href="file:///E:\Official\JavaWorkspace\TasteSelenium/hello.png"><img src="file:///E:\Official\JavaWorkspace\TasteSelenium/hello.png" alt=""height='100' width='100'/> <br />
                  </div>
    

        <a href="javascript:toggleElement('exception-1', 'block')" title="Click to expand/collapse"><b>java.lang.AssertionError: expected [true] but found [false]</b></a><br />
    <div class="stackTrace" id="exception-1">
              org.testng.Assert.fail(Assert.java:94)<br />
              org.testng.Assert.failNotEquals(Assert.java:494)<br />
              org.testng.Assert.assertTrue(Assert.java:42)<br />
              org.testng.Assert.assertTrue(Assert.java:52)<br />
              testcases.LoginTest.gpsHighLevel(LoginTest.java:32)<br />
              sun.reflect.NativeMethodAccessorImpl.invoke0(Native Method)<br />
              sun.reflect.NativeMethodAccessorImpl.invoke(Unknown Source)<br />
              sun.reflect.DelegatingMethodAccessorImpl.invoke(Unknown Source)<br />
              java.lang.reflect.Method.invoke(Unknown Source)<br />
              org.testng.internal.MethodInvocationHelper.invokeMethod(MethodInvocationHelper.java:84)<br />
              org.testng.internal.Invoker.invokeMethod(Invoker.java:714)<br />
              org.testng.internal.Invoker.invokeTestMethod(Invoker.java:901)<br />
              org.testng.internal.Invoker.invokeTestMethods(Invoker.java:1231)<br />
              org.testng.internal.TestMethodWorker.invokeTestMethods(TestMethodWorker.java:127)<br />
              org.testng.internal.TestMethodWorker.run(TestMethodWorker.java:111)<br />
              org.testng.TestRunner.privateRun(TestRunner.java:767)<br />
              org.testng.TestRunner.run(TestRunner.java:617)<br />
              org.testng.SuiteRunner.runTest(SuiteRunner.java:348)<br />
              org.testng.SuiteRunner.runSequentially(SuiteRunner.java:343)<br />
              org.testng.SuiteRunner.privateRun(SuiteRunner.java:305)<br />
              org.testng.SuiteRunner.run(SuiteRunner.java:254)<br />
              org.testng.SuiteRunnerWorker.runSuite(SuiteRunnerWorker.java:52)<br />
              org.testng.SuiteRunnerWorker.run(SuiteRunnerWorker.java:86)<br />
              org.testng.TestNG.runSuitesSequentially(TestNG.java:1224)<br />
              org.testng.TestNG.runSuitesLocally(TestNG.java:1149)<br />
              org.testng.TestNG.run(TestNG.java:1057)<br />
              org.apache.maven.surefire.testng.TestNGExecutor.run(TestNGExecutor.java:295)<br />
              org.apache.maven.surefire.testng.TestNGXmlTestSuite.execute(TestNGXmlTestSuite.java:84)<br />
              org.apache.maven.surefire.testng.TestNGProvider.invoke(TestNGProvider.java:90)<br />
              org.apache.maven.surefire.booter.ForkedBooter.invokeProviderInSameClassLoader(ForkedBooter.java:203)<br />
              org.apache.maven.surefire.booter.ForkedBooter.runSuitesInProcess(ForkedBooter.java:155)<br />
              org.apache.maven.surefire.booter.ForkedBooter.main(ForkedBooter.java:103)<br />
                </div>
      </td>
</tr>
<tr>
  <td class="method">
                  gpsHighLevel
      </td>
  <td class="duration">
    2.001s
  </td>
  <td class="result">
        
          <i>Method arguments: </i><span class="arguments">{test=[Y, syed@hotmail.com, user123, Y]}</span><br />
    
            <div class="testOutput">
                        <a href="file:///E:\Official\JavaWorkspace\TasteSelenium/hello.png"><img src="file:///E:\Official\JavaWorkspace\TasteSelenium/hello.png" alt=""height='100' width='100'/> <br />
                  </div>
    

        <a href="javascript:toggleElement('exception-2', 'block')" title="Click to expand/collapse"><b>java.lang.AssertionError: expected [true] but found [false]</b></a><br />
    <div class="stackTrace" id="exception-2">
              org.testng.Assert.fail(Assert.java:94)<br />
              org.testng.Assert.failNotEquals(Assert.java:494)<br />
              org.testng.Assert.assertTrue(Assert.java:42)<br />
              org.testng.Assert.assertTrue(Assert.java:52)<br />
              testcases.LoginTest.gpsHighLevel(LoginTest.java:32)<br />
              sun.reflect.NativeMethodAccessorImpl.invoke0(Native Method)<br />
              sun.reflect.NativeMethodAccessorImpl.invoke(Unknown Source)<br />
              sun.reflect.DelegatingMethodAccessorImpl.invoke(Unknown Source)<br />
              java.lang.reflect.Method.invoke(Unknown Source)<br />
              org.testng.internal.MethodInvocationHelper.invokeMethod(MethodInvocationHelper.java:84)<br />
              org.testng.internal.Invoker.invokeMethod(Invoker.java:714)<br />
              org.testng.internal.Invoker.invokeTestMethod(Invoker.java:901)<br />
              org.testng.internal.Invoker.invokeTestMethods(Invoker.java:1231)<br />
              org.testng.internal.TestMethodWorker.invokeTestMethods(TestMethodWorker.java:127)<br />
              org.testng.internal.TestMethodWorker.run(TestMethodWorker.java:111)<br />
              org.testng.TestRunner.privateRun(TestRunner.java:767)<br />
              org.testng.TestRunner.run(TestRunner.java:617)<br />
              org.testng.SuiteRunner.runTest(SuiteRunner.java:348)<br />
              org.testng.SuiteRunner.runSequentially(SuiteRunner.java:343)<br />
              org.testng.SuiteRunner.privateRun(SuiteRunner.java:305)<br />
              org.testng.SuiteRunner.run(SuiteRunner.java:254)<br />
              org.testng.SuiteRunnerWorker.runSuite(SuiteRunnerWorker.java:52)<br />
              org.testng.SuiteRunnerWorker.run(SuiteRunnerWorker.java:86)<br />
              org.testng.TestNG.runSuitesSequentially(TestNG.java:1224)<br />
              org.testng.TestNG.runSuitesLocally(TestNG.java:1149)<br />
              org.testng.TestNG.run(TestNG.java:1057)<br />
              org.apache.maven.surefire.testng.TestNGExecutor.run(TestNGExecutor.java:295)<br />
              org.apache.maven.surefire.testng.TestNGXmlTestSuite.execute(TestNGXmlTestSuite.java:84)<br />
              org.apache.maven.surefire.testng.TestNGProvider.invoke(TestNGProvider.java:90)<br />
              org.apache.maven.surefire.booter.ForkedBooter.invokeProviderInSameClassLoader(ForkedBooter.java:203)<br />
              org.apache.maven.surefire.booter.ForkedBooter.runSuitesInProcess(ForkedBooter.java:155)<br />
              org.apache.maven.surefire.booter.ForkedBooter.main(ForkedBooter.java:103)<br />
                </div>
      </td>
</tr>
      </table>


  
</body>
</html>
